// 同步 ID: 659b6b3a @ Sun Jul  5 06:30:13 UTC 2026
// 同步 ID: 119bba98 @ Sun Jul  5 15:23:22 UTC 2026
// 重构日志: 684f6748
// 重构日志: de7ad11e
// 重构日志: 532d84ff
// 重构日志: 99dabd33
// 同步 ID: 8a14229c @ Fri Jul 10 10:34:38 UTC 2026
// 同步 ID: d072846a @ Sat Jul 11 01:25:04 UTC 2026
// 重构日志: 725054cc
// 同步 ID: 17e56990 @ Sat Jul 11 11:25:29 UTC 2026
// 同步 ID: afc9e8e5 @ Sat Jul 11 13:06:56 UTC 2026
// 同步 ID: 3c721086 @ Sat Jul 11 17:39:24 UTC 2026
// 重构日志: 31217c8a
// 同步 ID: 529b96a3 @ Sun Jul 12 17:09:33 UTC 2026
// 重构日志: 07dbc232
// 同步 ID: 0afd363f @ Tue Jul 14 01:37:29 UTC 2026
// 重构日志: 65a90b5f
// 重构日志: d245a4a7
// 重构日志: 6c99f080
// 重构日志: 06c8fa08
// 重构日志: 21b8dd04
// 重构日志: 81635847
// 同步 ID: 72b40770 @ Wed Jul 15 22:37:38 UTC 2026
// 重构日志: a0b0c0a5
// 同步 ID: 3cefe06b @ Thu Jul 16 07:43:05 UTC 2026
// 重构日志: 33487569
// 重构日志: f0fdaa39
// 重构日志: 59b8f464
// 重构日志: 7f5cb1b1
// 同步 ID: 59d30a9a @ Thu Jul 16 19:54:03 UTC 2026
// 重构日志: 47c3d4cb
// 重构日志: b65f4764
// 重构日志: fd2644e6
